=== Starting flash-attn Installation ===
Node: hpc8l4-01
Date: Sat Jun 20 05:35:30 PM IDT 2026
Using nvcc:
/usr/local/cuda/bin/nvcc
nvcc: NVIDIA (R) Cuda compiler driver
Copyright (c) 2005-2025 NVIDIA Corporation
Built on Wed_Jan_15_19:20:09_PST_2025
Cuda compilation tools, release 12.8, V12.8.61
Build cuda_12.8.r12.8/compiler.35404655_0
Collecting flash-attn
  Using cached flash_attn-2.8.3.post1.tar.gz (8.5 MB)
  Preparing metadata (pyproject.toml): started
  Preparing metadata (pyproject.toml): finished with status 'done'
Requirement already satisfied: torch in /home/dsi/sinayyo/.conda/envs/babyvision_py310/lib/python3.10/site-packages (from flash-attn) (2.12.0)
Collecting einops (from flash-attn)
  Using cached einops-0.8.2-py3-none-any.whl.metadata (13 kB)
Requirement already satisfied: filelock in /home/dsi/sinayyo/.conda/envs/babyvision_py310/lib/python3.10/site-packages (from torch->flash-attn) (3.29.4)
Requirement already satisfied: typing-extensions>=4.10.0 in /home/dsi/sinayyo/.conda/envs/babyvision_py310/lib/python3.10/site-packages (from torch->flash-attn) (4.15.0)
Requirement already satisfied: setuptools<82 in /home/dsi/sinayyo/.conda/envs/babyvision_py310/lib/python3.10/site-packages (from torch->flash-attn) (81.0.0)
Requirement already satisfied: sympy>=1.13.3 in /home/dsi/sinayyo/.conda/envs/babyvision_py310/lib/python3.10/site-packages (from torch->flash-attn) (1.14.0)
Requirement already satisfied: networkx>=2.5.1 in /home/dsi/sinayyo/.conda/envs/babyvision_py310/lib/python3.10/site-packages (from torch->flash-attn) (3.4.2)
Requirement already satisfied: jinja2 in /home/dsi/sinayyo/.conda/envs/babyvision_py310/lib/python3.10/site-packages (from torch->flash-attn) (3.1.6)
Requirement already satisfied: fsspec>=0.8.5 in /home/dsi/sinayyo/.conda/envs/babyvision_py310/lib/python3.10/site-packages (from torch->flash-attn) (2026.4.0)
Requirement already satisfied: cuda-toolkit==13.0.2 in /home/dsi/sinayyo/.conda/envs/babyvision_py310/lib/python3.10/site-packages (from cuda-toolkit[cudart,cufft,cufile,cupti,curand,cusolver,cusparse,nvjitlink,nvrtc,nvtx]==13.0.2; platform_system == "Linux"->torch->flash-attn) (13.0.2)
Requirement already satisfied: nvidia-cublas<=13.1.1.3,>=13.1.0.3 in /home/dsi/sinayyo/.conda/envs/babyvision_py310/lib/python3.10/site-packages (from torch->flash-attn) (13.1.1.3)
Requirement already satisfied: cuda-bindings<14,>=13.0.3 in /home/dsi/sinayyo/.conda/envs/babyvision_py310/lib/python3.10/site-packages (from torch->flash-attn) (13.3.1)
Requirement already satisfied: nvidia-cudnn-cu13==9.20.0.48 in /home/dsi/sinayyo/.conda/envs/babyvision_py310/lib/python3.10/site-packages (from torch->flash-attn) (9.20.0.48)
Requirement already satisfied: nvidia-cusparselt-cu13==0.8.1 in /home/dsi/sinayyo/.conda/envs/babyvision_py310/lib/python3.10/site-packages (from torch->flash-attn) (0.8.1)
Requirement already satisfied: nvidia-nccl-cu13==2.29.7 in /home/dsi/sinayyo/.conda/envs/babyvision_py310/lib/python3.10/site-packages (from torch->flash-attn) (2.29.7)
Requirement already satisfied: nvidia-nvshmem-cu13==3.4.5 in /home/dsi/sinayyo/.conda/envs/babyvision_py310/lib/python3.10/site-packages (from torch->flash-attn) (3.4.5)
Requirement already satisfied: triton==3.7.0 in /home/dsi/sinayyo/.conda/envs/babyvision_py310/lib/python3.10/site-packages (from torch->flash-attn) (3.7.0)
Requirement already satisfied: nvidia-cufft==12.0.0.61.* in /home/dsi/sinayyo/.conda/envs/babyvision_py310/lib/python3.10/site-packages (from cuda-toolkit[cudart,cufft,cufile,cupti,curand,cusolver,cusparse,nvjitlink,nvrtc,nvtx]==13.0.2; platform_system == "Linux"->torch->flash-attn) (12.0.0.61)
Requirement already satisfied: nvidia-cusolver==12.0.4.66.* in /home/dsi/sinayyo/.conda/envs/babyvision_py310/lib/python3.10/site-packages (from cuda-toolkit[cudart,cufft,cufile,cupti,curand,cusolver,cusparse,nvjitlink,nvrtc,nvtx]==13.0.2; platform_system == "Linux"->torch->flash-attn) (12.0.4.66)
Requirement already satisfied: nvidia-nvjitlink==13.0.88.* in /home/dsi/sinayyo/.conda/envs/babyvision_py310/lib/python3.10/site-packages (from cuda-toolkit[cudart,cufft,cufile,cupti,curand,cusolver,cusparse,nvjitlink,nvrtc,nvtx]==13.0.2; platform_system == "Linux"->torch->flash-attn) (13.0.88)
Requirement already satisfied: nvidia-cuda-nvrtc==13.0.88.* in /home/dsi/sinayyo/.conda/envs/babyvision_py310/lib/python3.10/site-packages (from cuda-toolkit[cudart,cufft,cufile,cupti,curand,cusolver,cusparse,nvjitlink,nvrtc,nvtx]==13.0.2; platform_system == "Linux"->torch->flash-attn) (13.0.88)
Requirement already satisfied: nvidia-cusparse==12.6.3.3.* in /home/dsi/sinayyo/.conda/envs/babyvision_py310/lib/python3.10/site-packages (from cuda-toolkit[cudart,cufft,cufile,cupti,curand,cusolver,cusparse,nvjitlink,nvrtc,nvtx]==13.0.2; platform_system == "Linux"->torch->flash-attn) (12.6.3.3)
Requirement already satisfied: nvidia-cuda-cupti==13.0.85.* in /home/dsi/sinayyo/.conda/envs/babyvision_py310/lib/python3.10/site-packages (from cuda-toolkit[cudart,cufft,cufile,cupti,curand,cusolver,cusparse,nvjitlink,nvrtc,nvtx]==13.0.2; platform_system == "Linux"->torch->flash-attn) (13.0.85)
Requirement already satisfied: nvidia-cuda-runtime==13.0.96.* in /home/dsi/sinayyo/.conda/envs/babyvision_py310/lib/python3.10/site-packages (from cuda-toolkit[cudart,cufft,cufile,cupti,curand,cusolver,cusparse,nvjitlink,nvrtc,nvtx]==13.0.2; platform_system == "Linux"->torch->flash-attn) (13.0.96)
Requirement already satisfied: nvidia-curand==10.4.0.35.* in /home/dsi/sinayyo/.conda/envs/babyvision_py310/lib/python3.10/site-packages (from cuda-toolkit[cudart,cufft,cufile,cupti,curand,cusolver,cusparse,nvjitlink,nvrtc,nvtx]==13.0.2; platform_system == "Linux"->torch->flash-attn) (10.4.0.35)
Requirement already satisfied: nvidia-cufile==1.15.1.6.* in /home/dsi/sinayyo/.conda/envs/babyvision_py310/lib/python3.10/site-packages (from cuda-toolkit[cudart,cufft,cufile,cupti,curand,cusolver,cusparse,nvjitlink,nvrtc,nvtx]==13.0.2; platform_system == "Linux"->torch->flash-attn) (1.15.1.6)
Requirement already satisfied: nvidia-nvtx==13.0.85.* in /home/dsi/sinayyo/.conda/envs/babyvision_py310/lib/python3.10/site-packages (from cuda-toolkit[cudart,cufft,cufile,cupti,curand,cusolver,cusparse,nvjitlink,nvrtc,nvtx]==13.0.2; platform_system == "Linux"->torch->flash-attn) (13.0.85)
Requirement already satisfied: cuda-pathfinder>=1.4.2 in /home/dsi/sinayyo/.conda/envs/babyvision_py310/lib/python3.10/site-packages (from cuda-bindings<14,>=13.0.3->torch->flash-attn) (1.5.5)
Requirement already satisfied: mpmath<1.4,>=1.1.0 in /home/dsi/sinayyo/.conda/envs/babyvision_py310/lib/python3.10/site-packages (from sympy>=1.13.3->torch->flash-attn) (1.3.0)
Requirement already satisfied: MarkupSafe>=2.0 in /home/dsi/sinayyo/.conda/envs/babyvision_py310/lib/python3.10/site-packages (from jinja2->torch->flash-attn) (3.0.3)
Using cached einops-0.8.2-py3-none-any.whl (65 kB)
Building wheels for collected packages: flash-attn
  Building wheel for flash-attn (pyproject.toml): started
  Building wheel for flash-attn (pyproject.toml): still running...
  Building wheel for flash-attn (pyproject.toml): still running...
  Building wheel for flash-attn (pyproject.toml): still running...
  Building wheel for flash-attn (pyproject.toml): still running...
  Building wheel for flash-attn (pyproject.toml): still running...
  Building wheel for flash-attn (pyproject.toml): still running...
